{
  "RSpec": {
    "coverage": {
      "/Users/matthiashaefeli/Documents/projects/personal/pq/config/environment.rb": {
        "lines": [
          null,
          1,
          null,
          null,
          1
        ]
      },
      "/Users/matthiashaefeli/Documents/projects/personal/pq/config/application.rb": {
        "lines": [
          1,
          null,
          1,
          null,
          1,
          1,
          1,
          1,
          1,
          1,
          1,
          1,
          1,
          1,
          null,
          null,
          null,
          null,
          null,
          1,
          null,
          1,
          1,
          1,
          null,
          1,
          null,
          null,
          null,
          null,
          null,
          null,
          null,
          null,
          null,
          1,
          null,
          null
        ]
      },
      "/Users/matthiashaefeli/Documents/projects/personal/pq/config/boot.rb": {
        "lines": [
          1,
          null,
          1,
          1
        ]
      },
      "/Users/matthiashaefeli/Documents/projects/personal/pq/config/environments/test.rb": {
        "lines": [
          null,
          null,
          null,
          null,
          null,
          1,
          null,
          null,
          1,
          1,
          null,
          null,
          null,
          null,
          1,
          null,
          null,
          1,
          1,
          null,
          null,
          null,
          null,
          1,
          1,
          1,
          null,
          null,
          1,
          null,
          null,
          1,
          null,
          null,
          1,
          null,
          1,
          null,
          null,
          null,
          null,
          1,
          null,
          null,
          1,
          null,
          null,
          null,
          null
        ]
      },
      "/Users/matthiashaefeli/Documents/projects/personal/pq/config/initializers/application_controller_renderer.rb": {
        "lines": [
          null,
          null,
          null,
          null,
          null,
          null,
          null,
          null
        ]
      },
      "/Users/matthiashaefeli/Documents/projects/personal/pq/config/initializers/backtrace_silencers.rb": {
        "lines": [
          null,
          null,
          null,
          null,
          null,
          null,
          null
        ]
      },
      "/Users/matthiashaefeli/Documents/projects/personal/pq/config/initializers/cors.rb": {
        "lines": [
          null,
          null,
          null,
          null,
          null,
          null,
          null,
          null,
          null,
          null,
          null,
          null,
          null,
          null,
          null,
          null
        ]
      },
      "/Users/matthiashaefeli/Documents/projects/personal/pq/config/initializers/filter_parameter_logging.rb": {
        "lines": [
          null,
          null,
          null,
          1
        ]
      },
      "/Users/matthiashaefeli/Documents/projects/personal/pq/config/initializers/inflections.rb": {
        "lines": [
          null,
          null,
          null,
          null,
          null,
          null,
          null,
          null,
          null,
          null,
          null,
          null,
          null,
          null,
          null,
          null
        ]
      },
      "/Users/matthiashaefeli/Documents/projects/personal/pq/config/initializers/mime_types.rb": {
        "lines": [
          null,
          null,
          null,
          null
        ]
      },
      "/Users/matthiashaefeli/Documents/projects/personal/pq/config/initializers/wrap_parameters.rb": {
        "lines": [
          null,
          null,
          null,
          null,
          null,
          null,
          1,
          2,
          null,
          null,
          null,
          null,
          null,
          null
        ]
      },
      "/Users/matthiashaefeli/Documents/projects/personal/pq/spec/factories/groups.rb": {
        "lines": [
          1,
          1,
          1,
          1,
          1,
          1,
          null,
          null
        ]
      },
      "/Users/matthiashaefeli/Documents/projects/personal/pq/spec/factories/users.rb": {
        "lines": [
          1,
          1,
          5,
          5,
          null,
          null
        ]
      },
      "/Users/matthiashaefeli/Documents/projects/personal/pq/config/routes.rb": {
        "lines": [
          1,
          1,
          1,
          1,
          null
        ]
      },
      "/Users/matthiashaefeli/Documents/projects/personal/pq/app/controllers/groups_controller.rb": {
        "lines": [
          1,
          1,
          1,
          null,
          1,
          3,
          3,
          3,
          1,
          null,
          2,
          null,
          null,
          null,
          1,
          null,
          1,
          3,
          null,
          null
        ]
      },
      "/Users/matthiashaefeli/Documents/projects/personal/pq/app/controllers/application_controller.rb": {
        "lines": [
          1,
          null
        ]
      },
      "/Users/matthiashaefeli/Documents/projects/personal/pq/app/controllers/concerns/authorization.rb": {
        "lines": [
          1,
          1,
          3,
          null,
          null,
          1,
          3,
          3,
          3,
          null,
          null,
          null,
          1,
          6,
          6,
          null,
          6,
          0,
          0,
          null,
          null,
          null,
          null,
          null
        ]
      },
      "/Users/matthiashaefeli/Documents/projects/personal/pq/spec/controllers/users_controller_spec.rb": {
        "lines": [
          1,
          1,
          null,
          1,
          1,
          null,
          null,
          1,
          1,
          1,
          1,
          null,
          1,
          1,
          1,
          null,
          null,
          1,
          1,
          null,
          1,
          1,
          1,
          null,
          null,
          1,
          1,
          null,
          1,
          1,
          1,
          null,
          null,
          null,
          1,
          1,
          1,
          1,
          null,
          1,
          1,
          1,
          null,
          null,
          1,
          1,
          null,
          1,
          1,
          1,
          null,
          null,
          null
        ]
      },
      "/Users/matthiashaefeli/Documents/projects/personal/pq/spec/support/authorization_helper.rb": {
        "lines": [
          1,
          1,
          3,
          null,
          3,
          3,
          null,
          null,
          1,
          3,
          3,
          3,
          3,
          3,
          null,
          null
        ]
      },
      "/Users/matthiashaefeli/Documents/projects/personal/pq/app/controllers/users_controller.rb": {
        "lines": [
          1,
          1,
          3,
          3,
          1,
          1,
          null,
          2,
          null,
          null,
          null,
          1,
          5,
          5,
          4,
          4,
          null,
          1,
          null,
          null,
          null,
          1,
          null,
          1,
          8,
          null,
          null
        ]
      },
      "/Users/matthiashaefeli/Documents/projects/personal/pq/spec/models/group_spec.rb": {
        "lines": [
          null,
          null,
          null,
          null,
          null
        ]
      },
      "/Users/matthiashaefeli/Documents/projects/personal/pq/spec/requests/groups_request_spec.rb": {
        "lines": [
          1,
          null,
          1,
          null,
          null
        ]
      },
      "/Users/matthiashaefeli/Documents/projects/personal/pq/app/models/user.rb": {
        "lines": [
          1,
          1,
          1,
          null
        ]
      },
      "/Users/matthiashaefeli/Documents/projects/personal/pq/app/models/application_record.rb": {
        "lines": [
          1,
          1,
          null
        ]
      },
      "/Users/matthiashaefeli/Documents/projects/personal/pq/lib/json_web_token.rb": {
        "lines": [
          1,
          1,
          null,
          1,
          5,
          null,
          null,
          1,
          6,
          6,
          null,
          null,
          null
        ]
      },
      "/Users/matthiashaefeli/Documents/projects/personal/pq/app/models/group.rb": {
        "lines": [
          1,
          1,
          1,
          1,
          1,
          4,
          null
        ]
      }
    },
    "timestamp": 1598209873
  }
}
